TN:
SF:index.js
FN:9,(anonymous_0)
FNF:1
FNH:1
FNDA:9,(anonymous_0)
DA:2,9
DA:3,9
DA:4,9
DA:5,9
DA:6,9
DA:7,9
DA:9,9
DA:10,9
DA:22,9
DA:23,9
DA:24,9
DA:26,9
DA:27,9
DA:29,9
DA:31,9
DA:32,0
DA:35,9
DA:36,9
DA:38,9
LF:19
LH:18
BRDA:31,0,0,0
BRDA:31,0,1,9
BRF:2
BRH:1
end_of_record
TN:
SF:lib\agent.js
FN:5,setupAgent
FN:7,createOrUpdate
FN:25,findById
FNF:3
FNH:3
FNDA:9,setupAgent
FNDA:2,createOrUpdate
FNDA:1,findById
DA:3,1
DA:5,1
DA:8,2
DA:14,2
DA:16,2
DA:17,1
DA:18,1
DA:21,1
DA:22,1
DA:26,1
DA:29,9
LF:11
LH:11
BRDA:16,0,0,1
BRDA:16,0,1,1
BRDA:18,1,0,1
BRDA:18,1,1,0
BRF:4
BRH:3
end_of_record
TN:
SF:lib\db.js
FN:6,setupDatabase
FNF:1
FNH:1
FNDA:9,setupDatabase
DA:3,1
DA:4,1
DA:6,1
DA:7,9
DA:8,1
DA:10,9
LF:6
LH:6
BRDA:7,0,0,1
BRDA:7,0,1,8
BRF:2
BRH:2
end_of_record
TN:
SF:lib\metric.js
FN:3,setupMetric
FN:4,findByAgentUuid
FN:19,findByTypeAgentUuid
FN:38,create
FNF:4
FNH:1
FNDA:9,setupMetric
FNDA:0,findByAgentUuid
FNDA:0,findByTypeAgentUuid
FNDA:0,create
DA:3,1
DA:5,0
DA:20,0
DA:39,0
DA:43,0
DA:44,0
DA:45,0
DA:46,0
DA:50,9
LF:9
LH:2
BRDA:43,0,0,0
BRDA:43,0,1,0
BRF:2
BRH:0
end_of_record
TN:
SF:models\agent.js
FN:6,setupAgentModel
FNF:1
FNH:0
FNDA:0,setupAgentModel
DA:3,1
DA:4,1
DA:6,1
DA:7,0
DA:9,0
LF:5
LH:3
BRF:0
BRH:0
end_of_record
TN:
SF:models\metric.js
FN:6,setupMetricModel
FNF:1
FNH:0
FNDA:0,setupMetricModel
DA:3,1
DA:4,1
DA:6,1
DA:7,0
DA:9,0
LF:5
LH:3
BRF:0
BRH:0
end_of_record
